<?xml version="1.0" encoding="UTF-8"?>
<testsuite name="JUnit Jupiter" tests="3" skipped="0" failures="0" errors="1" time="0.182" hostname="420dce997726" timestamp="2025-08-03T23:07:14">
<properties>
<property name="file.encoding" value="UTF-8"/>
<property name="file.separator" value="/"/>
<property name="java.class.path" value="lib/junit-platform-console-standalone-1.13.1.jar"/>
<property name="java.class.version" value="64.0"/>
<property name="java.home" value="/opt/java/openjdk"/>
<property name="java.io.tmpdir" value="/tmp"/>
<property name="java.library.path" value="/usr/java/packages/lib:/usr/lib64:/lib64:/lib:/usr/lib"/>
<property name="java.runtime.name" value="OpenJDK Runtime Environment"/>
<property name="java.runtime.version" value="20.0.2+9"/>
<property name="java.specification.name" value="Java Platform API Specification"/>
<property name="java.specification.vendor" value="Oracle Corporation"/>
<property name="java.specification.version" value="20"/>
<property name="java.vendor" value="Eclipse Adoptium"/>
<property name="java.vendor.url" value="https://adoptium.net/"/>
<property name="java.vendor.url.bug" value="https://github.com/adoptium/adoptium-support/issues"/>
<property name="java.vendor.version" value="Temurin-20.0.2+9"/>
<property name="java.version" value="20.0.2"/>
<property name="java.version.date" value="2023-07-18"/>
<property name="java.vm.compressedOopsMode" value="32-bit"/>
<property name="java.vm.info" value="mixed mode, sharing"/>
<property name="java.vm.name" value="OpenJDK 64-Bit Server VM"/>
<property name="java.vm.specification.name" value="Java Virtual Machine Specification"/>
<property name="java.vm.specification.vendor" value="Oracle Corporation"/>
<property name="java.vm.specification.version" value="20"/>
<property name="java.vm.vendor" value="Eclipse Adoptium"/>
<property name="java.vm.version" value="20.0.2+9"/>
<property name="jdk.debug" value="release"/>
<property name="junit.docs.version" value="1.13.1"/>
<property name="line.separator" value="&#10;"/>
<property name="native.encoding" value="UTF-8"/>
<property name="os.arch" value="amd64"/>
<property name="os.name" value="Linux"/>
<property name="os.version" value="5.15.167.4-microsoft-standard-WSL2"/>
<property name="path.separator" value=":"/>
<property name="stderr.encoding" value="UTF-8"/>
<property name="stdout.encoding" value="UTF-8"/>
<property name="sun.arch.data.model" value="64"/>
<property name="sun.boot.library.path" value="/opt/java/openjdk/lib"/>
<property name="sun.cpu.endian" value="little"/>
<property name="sun.io.unicode.encoding" value="UnicodeLittle"/>
<property name="sun.java.command" value="lib/junit-platform-console-standalone-1.13.1.jar --class-path out --select-class SumOfMultiplesTest --reports-dir reports"/>
<property name="sun.java.launcher" value="SUN_STANDARD"/>
<property name="sun.jnu.encoding" value="UTF-8"/>
<property name="sun.management.compiler" value="HotSpot 64-Bit Tiered Compilers"/>
<property name="user.country" value="US"/>
<property name="user.dir" value="/app"/>
<property name="user.home" value="/root"/>
<property name="user.language" value="en"/>
<property name="user.name" value="root"/>
<property name="user.timezone" value="Etc/UTC"/>
</properties>
<testcase name="testNegativeLimitReturnsZero()" classname="SumOfMultiplesTest" time="0.048">
<system-out><![CDATA[
unique-id: [engine:junit-jupiter]/[class:SumOfMultiplesTest]/[method:testNegativeLimitReturnsZero()]
display-name: testNegativeLimitReturnsZero()
]]></system-out>
</testcase>
<testcase name="testEdgeCases()" classname="SumOfMultiplesTest" time="0.024">
<error message="Cannot read the array length because &quot;&lt;local4&gt;&quot; is null" type="java.lang.NullPointerException"><![CDATA[java.lang.NullPointerException: Cannot read the array length because "<local4>" is null
	at SumOfMultiples.sumOfMultiples(SumOfMultiples.java:5)
	at SumOfMultiplesTest.testEdgeCases(SumOfMultiplesTest.java:10)
	at java.base/java.lang.reflect.Method.invoke(Method.java:578)
	at java.base/java.util.ArrayList.forEach(ArrayList.java:1511)
	at java.base/java.util.ArrayList.forEach(ArrayList.java:1511)
]]></error>
<system-out><![CDATA[
unique-id: [engine:junit-jupiter]/[class:SumOfMultiplesTest]/[method:testEdgeCases()]
display-name: testEdgeCases()
]]></system-out>
</testcase>
<testcase name="testLargeInput()" classname="SumOfMultiplesTest" time="0.016">
<system-out><![CDATA[
unique-id: [engine:junit-jupiter]/[class:SumOfMultiplesTest]/[method:testLargeInput()]
display-name: testLargeInput()
]]></system-out>
</testcase>
<system-out><![CDATA[
unique-id: [engine:junit-jupiter]
display-name: JUnit Jupiter
]]></system-out>
</testsuite>
