<?xml version="1.0" encoding="UTF-8"?>
<testsuite name="JUnit Jupiter" tests="3" skipped="0" failures="0" errors="1" time="0.182" hostname="420dce997726" timestamp="2025-08-03T23:07:14">
<properties>
[...]
</properties>
<testcase name="testNegativeLimitReturnsZero()" classname="SumOfMultiplesTest" time="0.048">
<system-out><![CDATA[
unique-id: [engine:junit-jupiter]/[class:SumOfMultiplesTest]/[method:testNegativeLimitReturnsZero()]
display-name: testNegativeLimitReturnsZero()
]]></system-out>
</testcase>
<testcase name="testEdgeCases()" classname="SumOfMultiplesTest" time="0.024">
<error message="Cannot read the array length because &quot;&lt;local4&gt;&quot; is null" type="java.lang.NullPointerException"><![CDATA[java.lang.NullPointerException: Cannot read the array length because "<local4>" is null
	at SumOfMultiples.sumOfMultiples(SumOfMultiples.java:5)
	at SumOfMultiplesTest.testEdgeCases(SumOfMultiplesTest.java:10)
	at java.base/java.lang.reflect.Method.invoke(Method.java:578)
	at java.base/java.util.ArrayList.forEach(ArrayList.java:1511)
	at java.base/java.util.ArrayList.forEach(ArrayList.java:1511)
]]></error>
<system-out><![CDATA[
unique-id: [engine:junit-jupiter]/[class:SumOfMultiplesTest]/[method:testEdgeCases()]
display-name: testEdgeCases()
]]></system-out>
</testcase>
<testcase name="testLargeInput()" classname="SumOfMultiplesTest" time="0.016">
<system-out><![CDATA[
unique-id: [engine:junit-jupiter]/[class:SumOfMultiplesTest]/[method:testLargeInput()]
display-name: testLargeInput()
]]></system-out>
</testcase>
<system-out><![CDATA[
unique-id: [engine:junit-jupiter]
display-name: JUnit Jupiter
]]></system-out>
</testsuite>
